<?xml version="1.0" encoding="UTF-8"?>
<!-- Generated by org.testng.reporters.JUnitReportReporter -->
<testsuite hostname="DESKTOP-QA4MQIL" failures="0" tests="6" name="testcases.LoginPageTest" time="74.345" errors="0" timestamp="2023-04-27T23:38:37 BDT" skipped="0">
  <testcase classname="testcases.LoginPageTest" name="loginTestErrorOne" time="12.005"/>
  <system-out/>
  <testcase classname="testcases.LoginPageTest" name="loginTestErrorTwo" time="11.639"/>
  <system-out/>
  <testcase classname="testcases.LoginPageTest" name="loginTestErrorTwo" time="14.219"/>
  <system-out/>
  <testcase classname="testcases.LoginPageTest" name="loginTestErrorOne" time="13.834"/>
  <system-out/>
  <testcase classname="testcases.LoginPageTest" name="loginTestErrorOne" time="11.166"/>
  <system-out/>
  <testcase classname="testcases.LoginPageTest" name="loginTestErrorTwo" time="11.482"/>
  <system-out/>
</testsuite> <!-- testcases.LoginPageTest -->
